{levelname} {asctime} {name} : {message}
{levelname} {asctime} {name} : {message}
{levelname} {asctime} {name} : {message}
{levelname} {asctime} {name} : {message}
{levelname} {asctime} {name} : {message}
{levelname} {asctime} {name} : {message}
{levelname} {asctime} {name} : {message}
{levelname} {asctime} {name} : {message}
{levelname} {asctime} {name} : {message}
{levelname} {asctime} {name} : {message}
{levelname} {asctime} {name} : {message}
{levelname} {asctime} {name} : {message}
{levelname} {asctime} {name} : {message}
{levelname} {asctime} {name} : {message}
{levelname} {asctime} {name} : {message}
{levelname} {asctime} {name} : {message}
{levelname} {asctime} {name} : {message}
{levelname} {asctime} {name} : {message}
{levelname} {asctime} {name} : {message}
{levelname} {asctime} {name} : {message}
{levelname} {asctime} {name} : {message}
{levelname} {asctime} {name} : {message}
{levelname} {asctime} {name} : {message}
{levelname} {asctime} {name} : {message}
{levelname} {asctime} {name} : {message}
{levelname} {asctime} {name} : {message}
{levelname} {asctime} {name} : {message}
{levelname} {asctime} {name} : {message}
{levelname} {asctime} {name} : {message}
{levelname} {asctime} {name} : {message}
{levelname} {asctime} {name} : {message}
{levelname} {asctime} {name} : {message}
{levelname} {asctime} {name} : {message}
{levelname} {asctime} {name} : {message}
{levelname} {asctime} {name} : {message}
{levelname} {asctime} {name} : {message}
{levelname} {asctime} {name} : {message}
{levelname} {asctime} {name} : {message}
{levelname} {asctime} {name} : {message}
{levelname} {asctime} {name} : {message}
{levelname} {asctime} {name} : {message}
{levelname} {asctime} {name} : {message}
{levelname} {asctime} {name} : {message}
{levelname} {asctime} {name} : {message}
{levelname} {asctime} {name} : {message}
{levelname} {asctime} {name} : {message}
{levelname} {asctime} {name} : {message}
{levelname} {asctime} {name} : {message}
{levelname} {asctime} {name} : {message}
{levelname} {asctime} {name} : {message}
{levelname} {asctime} {name} : {message}
{levelname} {asctime} {name} : {message}
{levelname} {asctime} {name} : {message}
{levelname} {asctime} {name} : {message}
{levelname} {asctime} {name} : {message}
{levelname} {asctime} {name} : {message}
{levelname} {asctime} {name} : {message}
{levelname} {asctime} {name} : {message}
{levelname} {asctime} {name} : {message}
{levelname} {asctime} {name} : {message}
{levelname} {asctime} {name} : {message}
{levelname} {asctime} {name} : {message}
{levelname} {asctime} {name} : {message}
{levelname} {asctime} {name} : {message}
{levelname} {asctime} {name} : {message}
{levelname} {asctime} {name} : {message}
{levelname} {asctime} {name} : {message}
{levelname} {asctime} {name} : {message}
{levelname} {asctime} {name} : {message}
{levelname} {asctime} {name} : {message}
{levelname} {asctime} {name} : {message}
{levelname} {asctime} {name} : {message}
{levelname} {asctime} {name} : {message}
{levelname} {asctime} {name} : {message}
{levelname} {asctime} {name} : {message}
{levelname} {asctime} {name} : {message}
{levelname} {asctime} {name} : {message}
{levelname} {asctime} {name} : {message}
{levelname} {asctime} {name} : {message}
{levelname} {asctime} {name} : {message}
{levelname} {asctime} {name} : {message}
{levelname} {asctime} {name} : {message}
{levelname} {asctime} {name} : {message}
{levelname} {asctime} {name} : {message}
{levelname} {asctime} {name} : {message}
{levelname} {asctime} {name} : {message}
{levelname} {asctime} {name} : {message}
{levelname} {asctime} {name} : {message}
{levelname} {asctime} {name} : {message}
{levelname} {asctime} {name} : {message}
{levelname} {asctime} {name} : {message}
{levelname} {asctime} {name} : {message}
{levelname} {asctime} {name} : {message}
{levelname} {asctime} {name} : {message}
{levelname} {asctime} {name} : {message}
{levelname} {asctime} {name} : {message}
{levelname} {asctime} {name} : {message}
{levelname} {asctime} {name} : {message}
{levelname} {asctime} {name} : {message}
{levelname} {asctime} {name} : {message}
{levelname} {asctime} {name} : {message}
{levelname} {asctime} {name} : {message}
{levelname} {asctime} {name} : {message}
{levelname} {asctime} {name} : {message}
{levelname} {asctime} {name} : {message}
{levelname} {asctime} {name} : {message}
{levelname} {asctime} {name} : {message}
{levelname} {asctime} {name} : {message}
{levelname} {asctime} {name} : {message}
{levelname} {asctime} {name} : {message}
{levelname} {asctime} {name} : {message}
{levelname} {asctime} {name} : {message}
{levelname} {asctime} {name} : {message}
{levelname} {asctime} {name} : {message}
{levelname} {asctime} {name} : {message}
{levelname} {asctime} {name} : {message}
{levelname} {asctime} {name} : {message}
{levelname} {asctime} {name} : {message}
{levelname} {asctime} {name} : {message}
{levelname} {asctime} {name} : {message}
INFO 2019-11-07 14:06:18,305 root : Server date: 2019-11-07 14:06:18
INFO 2019-11-07 14:06:18,305 root : Monitoring page: : /health/
INFO 2019-11-07 14:06:18,305 root : Server info: {'System': 'Linux', 'Release': '5.0.0-23-generic', 'Type': 'x86_64'}
INFO 2019-11-07 14:06:18,305 root : Client info: python-requests/2.22.0
INFO 2019-11-07 14:07:18,417 root : Server date: 2019-11-07 14:07:18
INFO 2019-11-07 14:07:18,417 root : Monitoring page: : /health/
INFO 2019-11-07 14:07:18,417 root : Server info: {'System': 'Linux', 'Release': '5.0.0-23-generic', 'Type': 'x86_64'}
INFO 2019-11-07 14:07:18,417 root : Client info: python-requests/2.22.0
